[2026-07-14 21:54:54] ==================================================
[2026-07-14 21:54:54] Tunnel Daemon v1.0 — Starting
[2026-07-14 21:54:54] Workdir: C:\Users\shafee\Downloads\driver-dashboard
[2026-07-14 21:54:54] Starting Serveo tunnel...
[32mForwarding HTTP traffic from https://29fbbae103da34fe-156-214-73-175.serveousercontent.com
[0m[2026-07-14 21:54:59] 🌐 PUBLIC URL: https://29fbbae103da34fe-156-214-73-175.serveousercontent.com
[2026-07-14 22:19:46] ==================================================
[2026-07-14 22:19:46] Tunnel Daemon v1.0 — Starting
[2026-07-14 22:19:46] Workdir: C:\Users\shafee\Downloads\driver-dashboard
[2026-07-14 22:19:46] Starting Serveo tunnel...
[32mForwarding HTTP traffic from https://ff92b6696e818683-156-214-73-175.serveousercontent.com
[0m[33mPort forwarding for ff92b6696e818683-156-214-73-175.serveousercontent.com expired
[0mtent.com
[2026-07-15 14:51:31] ==================================================
[2026-07-15 14:51:31] Tunnel Daemon v1.0 — Starting
[2026-07-15 14:51:31] Workdir: C:\Users\shafee\Downloads\driver-dashboard
[2026-07-15 14:51:31] Starting Serveo tunnel...
[32mForwarding HTTP traffic from https://1b2af8bad115d468-156-176-128-125.serveousercontent.com
[0mclient_loop: send disconnect: Connection reset
9fbbae103da34fe-156-214-73-175.serveousercontent.com
